{"D:\\react\\tulio\\comentarios\\src\\App.js": {"path":"D:\\react\\tulio\\comentarios\\src\\App.js","statementMap":{"0":{"start":{"line":9,"column":8},"end":{"line":9,"column":21}},"1":{"start":{"line":10,"column":8},"end":{"line":10,"column":61}},"2":{"start":{"line":11,"column":8},"end":{"line":14,"column":10}},"3":{"start":{"line":16,"column":8},"end":{"line":19,"column":11}},"4":{"start":{"line":23,"column":25},"end":{"line":23,"column":49}},"5":{"start":{"line":24,"column":26},"end":{"line":24,"column":36}},"6":{"start":{"line":25,"column":8},"end":{"line":25,"column":48}},"7":{"start":{"line":26,"column":8},"end":{"line":28,"column":11}},"8":{"start":{"line":32,"column":8},"end":{"line":37,"column":18}}},"fnMap":{"0":{"name":"(anonymous_0)","decl":{"start":{"line":8,"column":4},"end":{"line":8,"column":5}},"loc":{"start":{"line":8,"column":23},"end":{"line":20,"column":5}},"line":8},"1":{"name":"(anonymous_1)","decl":{"start":{"line":22,"column":4},"end":{"line":22,"column":5}},"loc":{"start":{"line":22,"column":28},"end":{"line":29,"column":5}},"line":22},"2":{"name":"(anonymous_2)","decl":{"start":{"line":31,"column":4},"end":{"line":31,"column":5}},"loc":{"start":{"line":31,"column":13},"end":{"line":38,"column":5}},"line":31}},"branchMap":{},"s":{"0":5,"1":5,"2":5,"3":5,"4":1,"5":1,"6":1,"7":1,"8":6},"f":{"0":5,"1":1,"2":6},"b":{},"_coverageSchema":"332fd63041d2c1bcb487cc26dd0d5f7d97098a6c","hash":"360e6b4dc48d080ca8501834d97452042ea65bb6"}
,"D:\\react\\tulio\\comentarios\\src\\Comment.js": {"path":"D:\\react\\tulio\\comentarios\\src\\Comment.js","statementMap":{"0":{"start":{"line":3,"column":24},"end":{"line":4,"column":51}},"1":{"start":{"line":4,"column":4},"end":{"line":4,"column":51}}},"fnMap":{"0":{"name":"(anonymous_0)","decl":{"start":{"line":3,"column":24},"end":{"line":3,"column":25}},"loc":{"start":{"line":4,"column":4},"end":{"line":4,"column":51}},"line":4}},"branchMap":{},"s":{"0":1,"1":1},"f":{"0":1},"b":{},"_coverageSchema":"332fd63041d2c1bcb487cc26dd0d5f7d97098a6c","hash":"c3aa5a908f5b8bfe04b1f88a0ce88e6f2eec084e"}
,"D:\\react\\tulio\\comentarios\\src\\Comments.js": {"path":"D:\\react\\tulio\\comentarios\\src\\Comments.js","statementMap":{"0":{"start":{"line":7,"column":8},"end":{"line":9,"column":18}},"1":{"start":{"line":13,"column":8},"end":{"line":18,"column":18}},"2":{"start":{"line":16,"column":28},"end":{"line":16,"column":77}}},"fnMap":{"0":{"name":"(anonymous_0)","decl":{"start":{"line":6,"column":4},"end":{"line":6,"column":5}},"loc":{"start":{"line":6,"column":32},"end":{"line":10,"column":5}},"line":6},"1":{"name":"(anonymous_1)","decl":{"start":{"line":12,"column":4},"end":{"line":12,"column":5}},"loc":{"start":{"line":12,"column":13},"end":{"line":19,"column":5}},"line":12},"2":{"name":"(anonymous_2)","decl":{"start":{"line":15,"column":58},"end":{"line":15,"column":59}},"loc":{"start":{"line":16,"column":28},"end":{"line":16,"column":77}},"line":16}},"branchMap":{},"s":{"0":1,"1":2,"2":1},"f":{"0":1,"1":2,"2":1},"b":{},"_coverageSchema":"332fd63041d2c1bcb487cc26dd0d5f7d97098a6c","hash":"c0e1b3623b3ad911c568d3fa532cf18f1369a5ed"}
,"D:\\react\\tulio\\comentarios\\src\\NewComment.js": {"path":"D:\\react\\tulio\\comentarios\\src\\NewComment.js","statementMap":{"0":{"start":{"line":5,"column":8},"end":{"line":5,"column":21}},"1":{"start":{"line":6,"column":8},"end":{"line":6,"column":55}},"2":{"start":{"line":9,"column":8},"end":{"line":15,"column":9}},"3":{"start":{"line":10,"column":12},"end":{"line":12,"column":15}},"4":{"start":{"line":13,"column":12},"end":{"line":13,"column":41}},"5":{"start":{"line":14,"column":12},"end":{"line":14,"column":35}},"6":{"start":{"line":19,"column":8},"end":{"line":24,"column":18}}},"fnMap":{"0":{"name":"(anonymous_0)","decl":{"start":{"line":4,"column":4},"end":{"line":4,"column":5}},"loc":{"start":{"line":4,"column":23},"end":{"line":7,"column":5}},"line":4},"1":{"name":"(anonymous_1)","decl":{"start":{"line":8,"column":4},"end":{"line":8,"column":5}},"loc":{"start":{"line":8,"column":23},"end":{"line":16,"column":5}},"line":8},"2":{"name":"(anonymous_2)","decl":{"start":{"line":18,"column":4},"end":{"line":18,"column":5}},"loc":{"start":{"line":18,"column":13},"end":{"line":25,"column":5}},"line":18}},"branchMap":{"0":{"loc":{"start":{"line":9,"column":8},"end":{"line":15,"column":9}},"type":"if","locations":[{"start":{"line":9,"column":8},"end":{"line":15,"column":9}},{"start":{"line":9,"column":8},"end":{"line":15,"column":9}}],"line":9}},"s":{"0":3,"1":3,"2":1,"3":1,"4":1,"5":1,"6":4},"f":{"0":3,"1":1,"2":4},"b":{"0":[1,0]},"_coverageSchema":"332fd63041d2c1bcb487cc26dd0d5f7d97098a6c","hash":"b9ccfb162d5ddcdcdf4ca7036acecfad8b6bb464"}
,"D:\\react\\tulio\\comentarios\\src\\base.js": {"path":"D:\\react\\tulio\\comentarios\\src\\base.js","statementMap":{"0":{"start":{"line":1,"column":15},"end":{"line":1,"column":33}},"1":{"start":{"line":2,"column":17},"end":{"line":2,"column":40}},"2":{"start":{"line":3,"column":17},"end":{"line":3,"column":45}},"3":{"start":{"line":5,"column":12},"end":{"line":12,"column":2}},"4":{"start":{"line":14,"column":11},"end":{"line":14,"column":24}},"5":{"start":{"line":15,"column":13},"end":{"line":15,"column":35}}},"fnMap":{},"branchMap":{},"s":{"0":1,"1":1,"2":1,"3":1,"4":1,"5":1},"f":{},"b":{},"_coverageSchema":"332fd63041d2c1bcb487cc26dd0d5f7d97098a6c","hash":"94b1194d3da6f0756badc151583977a0bc77383d"}
,"D:\\react\\tulio\\comentarios\\src\\index.js": {"path":"D:\\react\\tulio\\comentarios\\src\\index.js","statementMap":{"0":{"start":{"line":1,"column":32},"end":{"line":1,"column":78}},"1":{"start":{"line":1,"column":92},"end":{"line":1,"column":108}},"2":{"start":{"line":1,"column":123},"end":{"line":1,"column":153}},"3":{"start":{"line":2,"column":16},"end":{"line":2,"column":36}},"4":{"start":{"line":2,"column":54},"end":{"line":2,"column":87}},"5":{"start":{"line":3,"column":11},"end":{"line":3,"column":27}},"6":{"start":{"line":3,"column":40},"end":{"line":3,"column":68}},"7":{"start":{"line":4,"column":29},"end":{"line":4,"column":63}},"8":{"start":{"line":4,"column":94},"end":{"line":4,"column":140}},"9":{"start":{"line":5,"column":12},"end":{"line":5,"column":29}},"10":{"start":{"line":5,"column":43},"end":{"line":5,"column":72}},"11":{"start":{"line":5,"column":111},"end":{"line":5,"column":165}},"12":{"start":{"line":7,"column":0},"end":{"line":7,"column":203}},"13":{"start":{"line":8,"column":0},"end":{"line":8,"column":39}}},"fnMap":{"0":{"name":"_interopRequireDefault","decl":{"start":{"line":5,"column":82},"end":{"line":5,"column":104}},"loc":{"start":{"line":5,"column":110},"end":{"line":5,"column":166}},"line":5}},"branchMap":{"0":{"loc":{"start":{"line":5,"column":118},"end":{"line":5,"column":164}},"type":"cond-expr","locations":[{"start":{"line":5,"column":142},"end":{"line":5,"column":145}},{"start":{"line":5,"column":148},"end":{"line":5,"column":164}}],"line":5},"1":{"loc":{"start":{"line":5,"column":118},"end":{"line":5,"column":139}},"type":"binary-expr","locations":[{"start":{"line":5,"column":118},"end":{"line":5,"column":121}},{"start":{"line":5,"column":125},"end":{"line":5,"column":139}}],"line":5}},"s":{"0":0,"1":0,"2":0,"3":0,"4":0,"5":0,"6":0,"7":0,"8":0,"9":0,"10":0,"11":0,"12":0,"13":0},"f":{"0":0},"b":{"0":[0,0],"1":[0,0]}}
,"D:\\react\\tulio\\comentarios\\src\\registerServiceWorker.js": {"path":"D:\\react\\tulio\\comentarios\\src\\registerServiceWorker.js","statementMap":{"0":{"start":{"line":1,"column":13},"end":{"line":1,"column":75}},"1":{"start":{"line":1,"column":75},"end":{"line":11,"column":9}},"2":{"start":{"line":11,"column":9},"end":{"line":45,"column":24}},"3":{"start":{"line":52,"column":21},"end":{"line":59,"column":164}},"4":{"start":{"line":52,"column":97},"end":{"line":59,"column":163}},"5":{"start":{"line":52,"column":150},"end":{"line":52,"column":195}},"6":{"start":{"line":52,"column":196},"end":{"line":59,"column":160}},"7":{"start":{"line":52,"column":258},"end":{"line":59,"column":72}},"8":{"start":{"line":52,"column":319},"end":{"line":52,"column":342}},"9":{"start":{"line":52,"column":343},"end":{"line":59,"column":70}},"10":{"start":{"line":52,"column":383},"end":{"line":59,"column":68}},"11":{"start":{"line":52,"column":428},"end":{"line":59,"column":67}},"12":{"start":{"line":56,"column":16},"end":{"line":56,"column":73}},"13":{"start":{"line":59,"column":16},"end":{"line":59,"column":66}},"14":{"start":{"line":59,"column":91},"end":{"line":59,"column":157}},"15":{"start":{"line":59,"column":188},"end":{"line":59,"column":305}},"16":{"start":{"line":59,"column":223},"end":{"line":59,"column":304}},"17":{"start":{"line":59,"column":275},"end":{"line":59,"column":301}}},"fnMap":{"0":{"name":"register","decl":{"start":{"line":52,"column":9},"end":{"line":52,"column":17}},"loc":{"start":{"line":52,"column":20},"end":{"line":59,"column":165}},"line":52},"1":{"name":"(anonymous_1)","decl":{"start":{"line":52,"column":129},"end":{"line":52,"column":130}},"loc":{"start":{"line":52,"column":135},"end":{"line":59,"column":161}},"line":52},"2":{"name":"(anonymous_2)","decl":{"start":{"line":52,"column":241},"end":{"line":52,"column":242}},"loc":{"start":{"line":52,"column":257},"end":{"line":59,"column":73}},"line":52},"3":{"name":"(anonymous_3)","decl":{"start":{"line":52,"column":287},"end":{"line":52,"column":288}},"loc":{"start":{"line":52,"column":293},"end":{"line":59,"column":71}},"line":52},"4":{"name":"(anonymous_4)","decl":{"start":{"line":52,"column":376},"end":{"line":52,"column":377}},"loc":{"start":{"line":52,"column":382},"end":{"line":59,"column":69}},"line":52},"5":{"name":"(anonymous_5)","decl":{"start":{"line":59,"column":81},"end":{"line":59,"column":82}},"loc":{"start":{"line":59,"column":90},"end":{"line":59,"column":158}},"line":59},"6":{"name":"unregister","decl":{"start":{"line":59,"column":174},"end":{"line":59,"column":184}},"loc":{"start":{"line":59,"column":187},"end":{"line":59,"column":306}},"line":59},"7":{"name":"(anonymous_7)","decl":{"start":{"line":59,"column":258},"end":{"line":59,"column":259}},"loc":{"start":{"line":59,"column":274},"end":{"line":59,"column":302}},"line":59}},"branchMap":{"0":{"loc":{"start":{"line":52,"column":21},"end":{"line":59,"column":164}},"type":"if","locations":[{"start":{"line":52,"column":21},"end":{"line":59,"column":164}},{"start":{"line":52,"column":21},"end":{"line":59,"column":164}}],"line":52},"1":{"loc":{"start":{"line":52,"column":25},"end":{"line":52,"column":94}},"type":"binary-expr","locations":[{"start":{"line":52,"column":25},"end":{"line":52,"column":62}},{"start":{"line":52,"column":66},"end":{"line":52,"column":94}}],"line":52},"2":{"loc":{"start":{"line":52,"column":383},"end":{"line":59,"column":68}},"type":"if","locations":[{"start":{"line":52,"column":383},"end":{"line":59,"column":68}},{"start":{"line":52,"column":383},"end":{"line":59,"column":68}}],"line":52},"3":{"loc":{"start":{"line":52,"column":428},"end":{"line":59,"column":67}},"type":"if","locations":[{"start":{"line":52,"column":428},"end":{"line":59,"column":67}},{"start":{"line":52,"column":428},"end":{"line":59,"column":67}}],"line":52},"4":{"loc":{"start":{"line":59,"column":188},"end":{"line":59,"column":305}},"type":"if","locations":[{"start":{"line":59,"column":188},"end":{"line":59,"column":305}},{"start":{"line":59,"column":188},"end":{"line":59,"column":305}}],"line":59}},"s":{"0":0,"1":0,"2":0,"3":0,"4":0,"5":0,"6":0,"7":0,"8":0,"9":0,"10":0,"11":0,"12":0,"13":0,"14":0,"15":0,"16":0,"17":0},"f":{"0":0,"1":0,"2":0,"3":0,"4":0,"5":0,"6":0,"7":0},"b":{"0":[0,0],"1":[0,0],"2":[0,0],"3":[0,0],"4":[0,0]}}
}
